<?xml version="1.0" encoding="UTF-8"?>
<!-- Generated by org.testng.reporters.JUnitXMLReporter -->
<testsuite ignored="0" hostname="DESKTOP-PN8BVIB" failures="0" tests="3" name="Default test" time="0.098" errors="0" timestamp="2022-08-21T18:16:14 IST">
  <testcase classname="pkg_SeleniumPractice.TestNGAnnotation2" name="TC_01" time="0.015"/>
  <testcase classname="pkg_SeleniumPractice.TestNGAnnotation2" name="TC_02" time="0.003"/>
  <testcase classname="pkg_SeleniumPractice.TestNGAnnotation2" name="TC_03" time="0.002"/>
</testsuite> <!-- Default test -->
